<?xml version="1.0" encoding="UTF-8"?>
<!-- Generated by org.testng.reporters.JUnitReportReporter -->
<testsuite hostname="TOSHIBA-PC" failures="0" tests="3" name="test.TestClass456" time="0.011" errors="0" timestamp="2022-02-13T01:39:57 IST" skipped="0">
  <testcase classname="test.TestClass456" name="testE" time="0.005"/>
  <system-out/>
  <testcase classname="test.TestClass456" name="testD" time="0.002"/>
  <system-out/>
  <testcase classname="test.TestClass456" name="testF" time="0.004"/>
  <system-out/>
</testsuite> <!-- test.TestClass456 -->
