<?xml version="1.0" encoding="UTF-8"?>
<!-- Generated by org.testng.reporters.JUnitReportReporter -->
<testsuite hostname="TOSHIBA-PC" failures="0" tests="5" name="test.TestNGTestClassForFirefox" time="10.518" errors="0" timestamp="2022-02-23T21:56:26 IST" skipped="0">
  <testcase classname="test.TestNGTestClassForFirefox" name="toVerifyTaskTab" time="1.803"/>
  <system-out/>
  <testcase classname="test.TestNGTestClassForFirefox" name="toVerifyReportTab" time="1.755"/>
  <system-out/>
  <testcase classname="test.TestNGTestClassForFirefox" name="toVerifyUserTab" time="2.441"/>
  <system-out/>
  <testcase classname="test.TestNGTestClassForFirefox" name="toVerifyWorkScheduleTab" time="3.172"/>
  <system-out/>
  <testcase classname="test.TestNGTestClassForFirefox" name="toVerifyTimeTrackTab" time="1.347"/>
  <system-out/>
</testsuite> <!-- test.TestNGTestClassForFirefox -->
