<?xml version="1.0" encoding="UTF-8"?>
<!-- Generated by org.testng.reporters.JUnitReportReporter -->
<testsuite hostname="TOSHIBA-PC" failures="0" tests="10" name="test.TestNGTestClass" time="28.750" errors="0" timestamp="2022-02-13T22:13:25 IST" skipped="0">
  <testcase classname="test.TestNGTestClass" name="toVerifyTaskTab" time="4.234"/>
  <system-out/>
  <testcase classname="test.TestNGTestClass" name="toVerifyTaskTab" time="1.572"/>
  <system-out/>
  <testcase classname="test.TestNGTestClass" name="toVerifyReportTab" time="6.394"/>
  <system-out/>
  <testcase classname="test.TestNGTestClass" name="toVerifyReportTab" time="1.477"/>
  <system-out/>
  <testcase classname="test.TestNGTestClass" name="toVerifyUserTab" time="1.671"/>
  <system-out/>
  <testcase classname="test.TestNGTestClass" name="toVerifyUserTab" time="4.835"/>
  <system-out/>
  <testcase classname="test.TestNGTestClass" name="toVerifyWorkScheduleTab" time="1.101"/>
  <system-out/>
  <testcase classname="test.TestNGTestClass" name="toVerifyWorkScheduleTab" time="2.826"/>
  <system-out/>
  <testcase classname="test.TestNGTestClass" name="toVerifyTimeTrackTab" time="1.033"/>
  <system-out/>
  <testcase classname="test.TestNGTestClass" name="toVerifyTimeTrackTab" time="3.607"/>
  <system-out/>
</testsuite> <!-- test.TestNGTestClass -->
